{
  "RSpec": {
    "coverage": {
      "E:/Libraries/Documents/431 Project/repository/app/models/engine.rb": [
        1,
        1,
        null,
        1,
        null,
        1,
        1,
        2,
        null,
        null,
        1,
        0,
        null,
        null,
        1,
        null,
        1,
        0,
        null,
        null,
        1,
        0,
        null,
        null,
        null,
        1,
        1,
        8,
        8,
        8,
        null,
        null,
        1,
        null,
        1,
        0,
        null,
        null,
        1,
        0,
        null,
        null,
        null,
        1,
        0,
        null,
        null,
        1,
        1,
        14,
        14,
        14,
        null,
        14,
        14,
        null,
        0,
        null,
        null,
        14,
        2,
        null,
        12,
        null,
        null,
        null,
        30,
        null,
        14,
        null,
        null,
        1,
        null,
        1,
        4,
        null,
        0,
        0,
        null,
        null,
        0,
        0,
        null,
        null,
        0,
        null,
        null,
        null,
        null,
        null,
        null,
        1,
        0,
        null,
        null,
        1,
        0,
        null,
        null,
        null,
        1,
        1,
        1,
        null,
        1,
        28,
        null,
        28,
        28,
        null,
        28,
        28,
        28,
        null,
        28,
        null,
        28,
        46,
        null,
        0,
        0,
        null,
        0,
        null,
        0,
        0,
        46,
        10,
        10,
        null,
        10,
        null,
        10,
        10,
        10,
        10,
        null,
        null,
        10,
        null,
        10,
        null,
        36,
        36,
        null,
        0,
        null,
        null,
        null,
        28,
        null,
        28,
        null,
        28,
        28,
        null,
        28,
        null,
        10,
        null,
        10,
        10,
        null,
        null,
        10,
        null,
        2,
        null,
        8,
        null,
        null,
        null,
        1,
        0,
        null,
        0,
        0,
        null,
        0,
        null,
        0,
        null,
        0,
        null,
        0,
        0,
        null,
        0,
        0,
        null,
        0,
        0,
        null,
        0,
        0,
        null,
        0,
        0,
        null,
        0,
        0,
        0,
        null,
        0,
        0,
        null,
        0,
        0,
        0,
        null,
        0,
        null,
        null,
        0,
        null,
        0,
        null,
        null
      ],
      "E:/Libraries/Documents/431 Project/repository/app/models/Verifier.rb": [
        1,
        1,
        null,
        1,
        null,
        null,
        null,
        null,
        null,
        null,
        null,
        1,
        null,
        0,
        null,
        0,
        null,
        0,
        null,
        null,
        0,
        null,
        null,
        1,
        null,
        0,
        null,
        null,
        0,
        0,
        0,
        null,
        0,
        0,
        0,
        null,
        null,
        0,
        null,
        null,
        0,
        null,
        0,
        null,
        null,
        1,
        null,
        0,
        null,
        0,
        null,
        null,
        0,
        null,
        null,
        0,
        null,
        null,
        0,
        0,
        null,
        0,
        null,
        null,
        1,
        null,
        0,
        null,
        0,
        null,
        null,
        0,
        null,
        null,
        0,
        null,
        null,
        0,
        0,
        null,
        0,
        null,
        null,
        1,
        null,
        0,
        null,
        null,
        0,
        0,
        0,
        null,
        0,
        0,
        0,
        null,
        null,
        0,
        null,
        null,
        0,
        0,
        0,
        0,
        0,
        null,
        0,
        0,
        0,
        0,
        0,
        null,
        null,
        0,
        null,
        null,
        1,
        null,
        0,
        null,
        0,
        null,
        null,
        0,
        null,
        null,
        0,
        null,
        null,
        0,
        null,
        0,
        null,
        null,
        1,
        null,
        0,
        null,
        null,
        0,
        0,
        0,
        null,
        0,
        0,
        0,
        null,
        null,
        0,
        null,
        null,
        0,
        null,
        0,
        null,
        null,
        1,
        null,
        0,
        null,
        null,
        0,
        0,
        0,
        null,
        0,
        0,
        0,
        null,
        null,
        0,
        null,
        null,
        0,
        0,
        null,
        0,
        null,
        null
      ],
      "E:/Libraries/Documents/431 Project/repository/app/models/Engine.rb": [
        1,
        1,
        null,
        1,
        null,
        1,
        1,
        0,
        null,
        null,
        1,
        0,
        null,
        null,
        1,
        null,
        1,
        0,
        null,
        null,
        1,
        0,
        null,
        null,
        null,
        1,
        1,
        0,
        0,
        0,
        null,
        null,
        1,
        null,
        1,
        0,
        null,
        null,
        1,
        0,
        null,
        null,
        null,
        1,
        0,
        null,
        null,
        1,
        1,
        0,
        0,
        0,
        null,
        0,
        0,
        null,
        0,
        null,
        null,
        0,
        0,
        null,
        0,
        null,
        null,
        null,
        0,
        null,
        0,
        null,
        null,
        1,
        null,
        1,
        0,
        null,
        0,
        0,
        null,
        null,
        0,
        0,
        null,
        null,
        0,
        null,
        null,
        null,
        null,
        null,
        null,
        1,
        0,
        null,
        null,
        1,
        0,
        null,
        null,
        null,
        1,
        1,
        1,
        null,
        1,
        0,
        null,
        0,
        0,
        null,
        0,
        0,
        0,
        null,
        0,
        null,
        0,
        0,
        null,
        0,
        0,
        null,
        0,
        null,
        0,
        0,
        0,
        0,
        0,
        null,
        0,
        null,
        0,
        0,
        0,
        0,
        null,
        null,
        0,
        null,
        0,
        null,
        0,
        0,
        null,
        0,
        null,
        null,
        null,
        0,
        null,
        0,
        null,
        0,
        0,
        null,
        0,
        null,
        0,
        null,
        0,
        0,
        null,
        null,
        0,
        null,
        0,
        null,
        0,
        null,
        null,
        null,
        1,
        0,
        null,
        0,
        0,
        null,
        0,
        null,
        0,
        null,
        0,
        null,
        0,
        0,
        null,
        0,
        0,
        null,
        0,
        0,
        null,
        0,
        0,
        null,
        0,
        0,
        null,
        0,
        0,
        0,
        null,
        0,
        0,
        null,
        0,
        0,
        0,
        null,
        0,
        null,
        null,
        0,
        null,
        0,
        null,
        null
      ]
    },
    "timestamp": 1522169551
  }
}
